<?xml version="1.0" encoding="UTF-8"?>
<testsuite name="nl.tudelft.jpacman.npc.ghost.InkyTest" tests="5" skipped="0" failures="0" errors="0" timestamp="2023-05-07T05:07:45" hostname="LAPTOP-1IK9F399" time="0.31">
  <properties/>
  <testcase name="玩家后方inky跟在Blinky后，靠近玩家" classname="nl.tudelft.jpacman.npc.ghost.InkyTest" time="0.29"/>
  <testcase name="玩家后方Blinky在inky后，无法选择" classname="nl.tudelft.jpacman.npc.ghost.InkyTest" time="0.005"/>
  <testcase name="玩家后方Blinky，玩家前方inky，远离玩家" classname="nl.tudelft.jpacman.npc.ghost.InkyTest" time="0.005"/>
  <testcase name="玩家后方inky，玩家前方Blinky，靠近玩家" classname="nl.tudelft.jpacman.npc.ghost.InkyTest" time="0.003"/>
  <testcase name="玩家前方inky、Blinky，无法选择" classname="nl.tudelft.jpacman.npc.ghost.InkyTest" time="0.004"/>
  <system-out><![CDATA[]]></system-out>
  <system-err><![CDATA[]]></system-err>
</testsuite>
